#
# There is insufficient memory for the Java Runtime Environment to continue.
# Native memory allocation (malloc) failed to allocate 2239216 bytes for Chunk::new
# Possible reasons:
#   The system is out of physical RAM or swap space
#   In 32 bit mode, the process size limit was hit
# Possible solutions:
#   Reduce memory load on the system
#   Increase physical memory or swap space
#   Check if swap backing store is full
#   Use 64 bit Java on a 64 bit OS
#   Decrease Java heap size (-Xmx/-Xms)
#   Decrease number of Java threads
#   Decrease Java thread stack sizes (-Xss)
#   Set larger code cache with -XX:ReservedCodeCacheSize=
# This output file may be truncated or incomplete.
#
#  Out of Memory Error (allocation.cpp:390), pid=1928, tid=0x00000000000017c8
#
# JRE version: Java(TM) SE Runtime Environment (8.0_171-b11) (build 1.8.0_171-b11)
# Java VM: Java HotSpot(TM) 64-Bit Server VM (25.171-b11 mixed mode windows-amd64 compressed oops)
# Failed to write core dump. Minidumps are not enabled by default on client versions of Windows
#

---------------  T H R E A D  ---------------

Current thread (0x0000000058aca000):  JavaThread "C2 CompilerThread0" daemon [_thread_in_native, id=6088, stack(0x0000000058fe0000,0x00000000590e0000)]

Stack: [0x0000000058fe0000,0x00000000590e0000]
[error occurred during error reporting (printing stack bounds), id 0xc0000005]

Native frames: (J=compiled Java code, j=interpreted, Vv=VM code, C=native code)


Current CompileTask:
C2:  11257 4984   !   4       org.springframework.util.ReflectionUtils::doWithMethods (176 bytes)


---------------  P R O C E S S  ---------------

Java Threads: ( => current thread )
  0x000000005ab5d000 JavaThread "spring.cloud.inetutils" daemon [_thread_blocked, id=6908, stack(0x0000000066730000,0x0000000066830000)]
  0x000000005ab5c800 JavaThread "elasticsearch[_client_][generic][T#4]" daemon [_thread_blocked, id=5368, stack(0x0000000068110000,0x0000000068210000)]
  0x000000005ab5b800 JavaThread "elasticsearch[_client_][generic][T#3]" daemon [_thread_blocked, id=3860, stack(0x0000000064e90000,0x0000000064f90000)]
  0x000000005ab5b000 JavaThread "elasticsearch[_client_][generic][T#2]" daemon [_thread_blocked, id=1092, stack(0x0000000065000000,0x0000000065100000)]
  0x000000005ab5a000 JavaThread "elasticsearch[_client_][transport_client_boss][T#8]" daemon [_thread_blocked, id=7436, stack(0x0000000063d10000,0x0000000063e10000)]
  0x000000005ab59800 JavaThread "elasticsearch[_client_][transport_client_boss][T#7]" daemon [_thread_in_native, id=7196, stack(0x0000000063990000,0x0000000063a90000)]
  0x000000005ab58800 JavaThread "elasticsearch[_client_][transport_client_boss][T#6]" daemon [_thread_blocked, id=7976, stack(0x0000000063ba0000,0x0000000063ca0000)]
  0x000000005ab58000 JavaThread "elasticsearch[_client_][transport_client_boss][T#5]" daemon [_thread_in_Java, id=5344, stack(0x0000000063a90000,0x0000000063b90000)]
  0x000000005ab57000 JavaThread "elasticsearch[_client_][transport_client_boss][T#4]" daemon [_thread_in_native, id=3712, stack(0x0000000061fc0000,0x00000000620c0000)]
  0x000000005ab56800 JavaThread "elasticsearch[_client_][transport_client_boss][T#3]" daemon [_thread_in_native, id=5712, stack(0x0000000059a70000,0x0000000059b70000)]
  0x000000005b38a000 JavaThread "elasticsearch[_client_][transport_client_boss][T#2]" daemon [_thread_in_native, id=7624, stack(0x0000000063830000,0x0000000063930000)]
  0x000000005bdae800 JavaThread "elasticsearch[_client_][generic][T#1]" daemon [_thread_blocked, id=5208, stack(0x0000000063640000,0x0000000063740000)]
  0x00000000600df800 JavaThread "elasticsearch[_client_][transport_client_boss][T#1]" daemon [_thread_in_native, id=5244, stack(0x0000000062280000,0x0000000062380000)]
  0x000000005e524000 JavaThread "ObjectCleanerThread" daemon [_thread_blocked, id=6000, stack(0x0000000062140000,0x0000000062240000)]
  0x0000000060b06800 JavaThread "elasticsearch[_client_][scheduler][T#1]" daemon [_thread_blocked, id=6480, stack(0x000000005fb70000,0x000000005fc70000)]
  0x000000006082c800 JavaThread "elasticsearch[_client_][[timer]]" daemon [_thread_blocked, id=5628, stack(0x000000005c870000,0x000000005c970000)]
  0x0000000058b47800 JavaThread "Service Thread" daemon [_thread_blocked, id=7240, stack(0x0000000059960000,0x0000000059a60000)]
  0x0000000058ad3800 JavaThread "C1 CompilerThread2" daemon [_thread_blocked, id=5200, stack(0x0000000059470000,0x0000000059570000)]
  0x0000000058acb000 JavaThread "C2 CompilerThread1" daemon [_thread_in_native, id=1532, stack(0x00000000595a0000,0x00000000596a0000)]
=>0x0000000058aca000 JavaThread "C2 CompilerThread0" daemon [_thread_in_native, id=6088, stack(0x0000000058fe0000,0x00000000590e0000)]
  0x0000000058ac1800 JavaThread "Monitor Ctrl-Break" daemon [_thread_in_native, id=4408, stack(0x00000000592b0000,0x00000000593b0000)]
  0x0000000058a83000 JavaThread "Attach Listener" daemon [_thread_blocked, id=8104, stack(0x0000000059130000,0x0000000059230000)]
  0x0000000058a82800 JavaThread "Signal Dispatcher" daemon [_thread_blocked, id=6280, stack(0x0000000058ec0000,0x0000000058fc0000)]
  0x0000000057775000 JavaThread "Finalizer" daemon [_thread_blocked, id=2596, stack(0x0000000058970000,0x0000000058a70000)]
  0x000000005772e000 JavaThread "Reference Handler" daemon [_thread_blocked, id=5796, stack(0x00000000587e0000,0x00000000588e0000)]
  0x0000000002442800 JavaThread "main" [_thread_in_native, id=8096, stack(0x00000000027c0000,0x00000000028c0000)]

Other Threads:
  0x0000000057726800 VMThread [stack: 0x0000000058650000,0x0000000058750000] [id=4664]
  0x0000000058b98000 WatcherThread [stack: 0x0000000059ba0000,0x0000000059ca0000] [id=4644]

VM state:not at safepoint (normal execution)

VM Mutex/Monitor currently owned by a thread: None

Heap:
 PSYoungGen      total 285696K, used 78644K [0x00000000d5c00000, 0x00000000e9180000, 0x0000000100000000)
  eden space 266240K, 26% used [0x00000000d5c00000,0x00000000d9fc9430,0x00000000e6000000)
  from space 19456K, 47% used [0x00000000e6000000,0x00000000e6903c00,0x00000000e7300000)
  to   space 17408K, 0% used [0x00000000e7300000,0x00000000e7300000,0x00000000e8400000)
 ParOldGen       total 192000K, used 94791K [0x0000000081400000, 0x000000008cf80000, 0x00000000d5c00000)
  object space 192000K, 49% used [0x0000000081400000,0x0000000087091fe0,0x000000008cf80000)
 Metaspace       used 60162K, capacity 63434K, committed 63704K, reserved 1103872K
  class space    used 8129K, capacity 8849K, committed 8960K, reserved 1048576K

Card table byte_map: [0x0000000011c80000,0x0000000012080000] byte_map_base: 0x0000000011876000

Marking Bits: (ParMarkBitMap*) 0x00000000670808c0
 Begin Bits: [0x0000000012a30000, 0x00000000149e0000)
 End Bits:   [0x00000000149e0000, 0x0000000016990000)

Polling page: 0x0000000001c60000

CodeCache: size=245760Kb used=16512Kb max_used=16512Kb free=229247Kb
 bounds [0x00000000028c0000, 0x0000000003900000, 0x00000000118c0000]
 total_blobs=4983 nmethods=4410 adapters=484
 compilation: enabled

Compilation events (10 events):
Event: 11.130 Thread 0x0000000058ad3800 5044       3       org.springframework.beans.factory.support.AbstractAutowireCapableBeanFactory$$Lambda$173/204322447::<init> (10 bytes)
Event: 11.130 Thread 0x0000000058ad3800 nmethod 5044 0x0000000002bf0510 code [0x0000000002bf0660, 0x0000000002bf0830]
Event: 11.131 Thread 0x0000000058ad3800 5058       3       java.lang.Long::formatUnsignedLong (52 bytes)
Event: 11.131 Thread 0x0000000058ad3800 nmethod 5058 0x0000000002f5eb50 code [0x0000000002f5ecc0, 0x0000000002f5ef30]
Event: 11.131 Thread 0x0000000058ad3800 5056       3       java.lang.StringBuilder::setCharAt (7 bytes)
Event: 11.131 Thread 0x0000000058ad3800 nmethod 5056 0x0000000002f5e4d0 code [0x0000000002f5e660, 0x0000000002f5e968]
Event: 11.131 Thread 0x0000000058ad3800 5057       3       java.lang.AbstractStringBuilder::setCharAt (29 bytes)
Event: 11.131 Thread 0x0000000058ad3800 nmethod 5057 0x0000000002f5df50 code [0x0000000002f5e0c0, 0x0000000002f5e368]
Event: 11.135 Thread 0x0000000058ad3800 5059       3       io.netty.util.internal.StringUtil::byteToHexStringPadded (10 bytes)
Event: 11.135 Thread 0x0000000058ad3800 nmethod 5059 0x0000000002bf0150 code [0x0000000002bf02a0, 0x0000000002bf0410]

GC Heap History (10 events):
Event: 3.296 GC heap before
{Heap before GC invocations=10 (full 2):
 PSYoungGen      total 214528K, used 12267K [0x00000000d5c00000, 0x00000000e5400000, 0x0000000100000000)
  eden space 202240K, 0% used [0x00000000d5c00000,0x00000000d5c00000,0x00000000e2180000)
  from space 12288K, 99% used [0x00000000e3080000,0x00000000e3c7ad58,0x00000000e3c80000)
  to   space 15360K, 0% used [0x00000000e2180000,0x00000000e2180000,0x00000000e3080000)
 ParOldGen       total 53248K, used 14186K [0x0000000081400000, 0x0000000084800000, 0x00000000d5c00000)
  object space 53248K, 26% used [0x0000000081400000,0x00000000821daaa8,0x0000000084800000)
 Metaspace       used 34119K, capacity 35368K, committed 35416K, reserved 1079296K
  class space    used 4458K, capacity 4708K, committed 4736K, reserved 1048576K
Event: 3.351 GC heap after
Heap after GC invocations=10 (full 2):
 PSYoungGen      total 214528K, used 0K [0x00000000d5c00000, 0x00000000e5400000, 0x0000000100000000)
  eden space 202240K, 0% used [0x00000000d5c00000,0x00000000d5c00000,0x00000000e2180000)
  from space 12288K, 0% used [0x00000000e3080000,0x00000000e3080000,0x00000000e3c80000)
  to   space 15360K, 0% used [0x00000000e2180000,0x00000000e2180000,0x00000000e3080000)
 ParOldGen       total 79360K, used 18988K [0x0000000081400000, 0x0000000086180000, 0x00000000d5c00000)
  object space 79360K, 23% used [0x0000000081400000,0x000000008268b168,0x0000000086180000)
 Metaspace       used 34119K, capacity 35368K, committed 35416K, reserved 1079296K
  class space    used 4458K, capacity 4708K, committed 4736K, reserved 1048576K
}
Event: 5.094 GC heap before
{Heap before GC invocations=11 (full 2):
 PSYoungGen      total 214528K, used 202240K [0x00000000d5c00000, 0x00000000e5400000, 0x0000000100000000)
  eden space 202240K, 100% used [0x00000000d5c00000,0x00000000e2180000,0x00000000e2180000)
  from space 12288K, 0% used [0x00000000e3080000,0x00000000e3080000,0x00000000e3c80000)
  to   space 15360K, 0% used [0x00000000e2180000,0x00000000e2180000,0x00000000e3080000)
 ParOldGen       total 79360K, used 18988K [0x0000000081400000, 0x0000000086180000, 0x00000000d5c00000)
  object space 79360K, 23% used [0x0000000081400000,0x000000008268b168,0x0000000086180000)
 Metaspace       used 47451K, capacity 49504K, committed 49624K, reserved 1091584K
  class space    used 6244K, capacity 6822K, committed 6912K, reserved 1048576K
Event: 5.107 GC heap after
Heap after GC invocations=11 (full 2):
 PSYoungGen      total 217600K, used 15345K [0x00000000d5c00000, 0x00000000e8400000, 0x0000000100000000)
  eden space 202240K, 0% used [0x00000000d5c00000,0x00000000d5c00000,0x00000000e2180000)
  from space 15360K, 99% used [0x00000000e2180000,0x00000000e307c630,0x00000000e3080000)
  to   space 17408K, 0% used [0x00000000e7300000,0x00000000e7300000,0x00000000e8400000)
 ParOldGen       total 79360K, used 19364K [0x0000000081400000, 0x0000000086180000, 0x00000000d5c00000)
  object space 79360K, 24% used [0x0000000081400000,0x00000000826e91c0,0x0000000086180000)
 Metaspace       used 47451K, capacity 49504K, committed 49624K, reserved 1091584K
  class space    used 6244K, capacity 6822K, committed 6912K, reserved 1048576K
}
Event: 6.661 GC heap before
{Heap before GC invocations=12 (full 2):
 PSYoungGen      total 217600K, used 217585K [0x00000000d5c00000, 0x00000000e8400000, 0x0000000100000000)
  eden space 202240K, 100% used [0x00000000d5c00000,0x00000000e2180000,0x00000000e2180000)
  from space 15360K, 99% used [0x00000000e2180000,0x00000000e307c630,0x00000000e3080000)
  to   space 17408K, 0% used [0x00000000e7300000,0x00000000e7300000,0x00000000e8400000)
 ParOldGen       total 79360K, used 19364K [0x0000000081400000, 0x0000000086180000, 0x00000000d5c00000)
  object space 79360K, 24% used [0x0000000081400000,0x00000000826e91c0,0x0000000086180000)
 Metaspace       used 55653K, capacity 58428K, committed 58584K, reserved 1099776K
  class space    used 7460K, capacity 8104K, committed 8192K, reserved 1048576K
Event: 6.786 GC heap after
Heap after GC invocations=12 (full 2):
 PSYoungGen      total 283648K, used 15578K [0x00000000d5c00000, 0x00000000e9180000, 0x0000000100000000)
  eden space 266240K, 0% used [0x00000000d5c00000,0x00000000d5c00000,0x00000000e6000000)
  from space 17408K, 89% used [0x00000000e7300000,0x00000000e8236bf0,0x00000000e8400000)
  to   space 19456K, 0% used [0x00000000e6000000,0x00000000e6000000,0x00000000e7300000)
 ParOldGen       total 96256K, used 84908K [0x0000000081400000, 0x0000000087200000, 0x00000000d5c00000)
  object space 96256K, 88% used [0x0000000081400000,0x00000000866eb200,0x0000000087200000)
 Metaspace       used 55653K, capacity 58428K, committed 58584K, reserved 1099776K
  class space    used 7460K, capacity 8104K, committed 8192K, reserved 1048576K
}
Event: 6.786 GC heap before
{Heap before GC invocations=13 (full 3):
 PSYoungGen      total 283648K, used 15578K [0x00000000d5c00000, 0x00000000e9180000, 0x0000000100000000)
  eden space 266240K, 0% used [0x00000000d5c00000,0x00000000d5c00000,0x00000000e6000000)
  from space 17408K, 89% used [0x00000000e7300000,0x00000000e8236bf0,0x00000000e8400000)
  to   space 19456K, 0% used [0x00000000e6000000,0x00000000e6000000,0x00000000e7300000)
 ParOldGen       total 96256K, used 84908K [0x0000000081400000, 0x0000000087200000, 0x00000000d5c00000)
  object space 96256K, 88% used [0x0000000081400000,0x00000000866eb200,0x0000000087200000)
 Metaspace       used 55653K, capacity 58428K, committed 58584K, reserved 1099776K
  class space    used 7460K, capacity 8104K, committed 8192K, reserved 1048576K
Event: 6.883 GC heap after
Heap after GC invocations=13 (full 3):
 PSYoungGen      total 283648K, used 0K [0x00000000d5c00000, 0x00000000e9180000, 0x0000000100000000)
  eden space 266240K, 0% used [0x00000000d5c00000,0x00000000d5c00000,0x00000000e6000000)
  from space 17408K, 0% used [0x00000000e7300000,0x00000000e7300000,0x00000000e8400000)
  to   space 19456K, 0% used [0x00000000e6000000,0x00000000e6000000,0x00000000e7300000)
 ParOldGen       total 192000K, used 94783K [0x0000000081400000, 0x000000008cf80000, 0x00000000d5c00000)
  object space 192000K, 49% used [0x0000000081400000,0x000000008708ffe0,0x000000008cf80000)
 Metaspace       used 55653K, capacity 58428K, committed 58584K, reserved 1099776K
  class space    used 7460K, capacity 8104K, committed 8192K, reserved 1048576K
}
Event: 8.859 GC heap before
{Heap before GC invocations=14 (full 3):
 PSYoungGen      total 283648K, used 266240K [0x00000000d5c00000, 0x00000000e9180000, 0x0000000100000000)
  eden space 266240K, 100% used [0x00000000d5c00000,0x00000000e6000000,0x00000000e6000000)
  from space 17408K, 0% used [0x00000000e7300000,0x00000000e7300000,0x00000000e8400000)
  to   space 19456K, 0% used [0x00000000e6000000,0x00000000e6000000,0x00000000e7300000)
 ParOldGen       total 192000K, used 94783K [0x0000000081400000, 0x000000008cf80000, 0x00000000d5c00000)
  object space 192000K, 49% used [0x0000000081400000,0x000000008708ffe0,0x000000008cf80000)
 Metaspace       used 59456K, capacity 62756K, committed 63064K, reserved 1103872K
  class space    used 8053K, capacity 8776K, committed 8832K, reserved 1048576K
Event: 8.876 GC heap after
Heap after GC invocations=14 (full 3):
 PSYoungGen      total 285696K, used 9231K [0x00000000d5c00000, 0x00000000e9180000, 0x0000000100000000)
  eden space 266240K, 0% used [0x00000000d5c00000,0x00000000d5c00000,0x00000000e6000000)
  from space 19456K, 47% used [0x00000000e6000000,0x00000000e6903c00,0x00000000e7300000)
  to   space 17408K, 0% used [0x00000000e7300000,0x00000000e7300000,0x00000000e8400000)
 ParOldGen       total 192000K, used 94791K [0x0000000081400000, 0x000000008cf80000, 0x00000000d5c00000)
  object space 192000K, 49% used [0x0000000081400000,0x0000000087091fe0,0x000000008cf80000)
 Metaspace       used 59456K, capacity 62756K, committed 63064K, reserved 1103872K
  class space    used 8053K, capacity 8776K, committed 8832K, reserved 1048576K
}

Deoptimization events (10 events):
Event: 6.990 Thread 0x0000000002442800 Uncommon trap: reason=null_check action=make_not_entrant pc=0x0000000003377f8c method=org.springframework.beans.factory.support.DefaultSingletonBeanRegistry.getSingleton(Ljava/lang/String;Z)Ljava/lang/Object; @ 60
Event: 7.453 Thread 0x0000000002442800 Uncommon trap: reason=unstable_if action=reinterpret pc=0x0000000002dadb40 method=org.springframework.util.ConcurrentReferenceHashMap$Segment.restructureIfNecessary(Z)V @ 33
Event: 7.454 Thread 0x0000000002442800 Uncommon trap: reason=class_check action=maybe_recompile pc=0x0000000003654f58 method=org.springframework.util.ConcurrentReferenceHashMap$Segment.findInChain(Lorg/springframework/util/ConcurrentReferenceHashMap$Reference;Ljava/lang/Object;I)Lorg/springfra
Event: 7.562 Thread 0x0000000002442800 Uncommon trap: reason=unstable_if action=reinterpret pc=0x0000000003559984 method=org.springframework.beans.factory.support.AbstractBeanFactory.isTypeMatch(Ljava/lang/String;Lorg/springframework/core/ResolvableType;)Z @ 493
Event: 7.623 Thread 0x0000000002442800 Uncommon trap: reason=unstable_if action=reinterpret pc=0x00000000031db40c method=org.springframework.beans.factory.support.DefaultSingletonBeanRegistry.getSingleton(Ljava/lang/String;Z)Ljava/lang/Object; @ 47
Event: 10.245 Thread 0x0000000002442800 Uncommon trap: reason=null_check action=make_not_entrant pc=0x0000000002c9be5c method=org.springframework.util.ClassUtils.isAssignable(Ljava/lang/Class;Ljava/lang/Class;)Z @ 38
Event: 11.092 Thread 0x0000000002442800 Uncommon trap: reason=bimorphic action=maybe_recompile pc=0x0000000003361958 method=java.net.URL.<init>(Ljava/net/URL;Ljava/lang/String;Ljava/net/URLStreamHandler;)V @ 504
Event: 11.092 Thread 0x0000000002442800 Uncommon trap: reason=unstable_if action=reinterpret pc=0x00000000036e40b0 method=java.net.URLStreamHandler.toExternalForm(Ljava/net/URL;)Ljava/lang/String; @ 24
Event: 11.092 Thread 0x0000000002442800 Uncommon trap: reason=bimorphic action=maybe_recompile pc=0x0000000003361958 method=java.net.URL.<init>(Ljava/net/URL;Ljava/lang/String;Ljava/net/URLStreamHandler;)V @ 504
Event: 11.128 Thread 0x0000000002442800 Uncommon trap: reason=unstable_if action=reinterpret pc=0x0000000003289964 method=org.springframework.boot.context.properties.source.ConfigurationPropertyName.elementEquals(Ljava/lang/CharSequence;Ljava/lang/CharSequence;)Z @ 203

Classes redefined (0 events):
No events

Internal exceptions (10 events):
Event: 10.362 Thread 0x0000000002442800 Exception <a 'java/lang/ClassNotFoundException': java/lang/ObjectCustomizer> (0x00000000d79ee780) thrown at [C:\re\workspace\8-2-build-windows-amd64-cygwin\jdk8u171\10807\hotspot\src\share\vm\classfile\systemDictionary.cpp, line 210]
Event: 10.388 Thread 0x0000000002442800 Exception <a 'java/lang/ClassNotFoundException': org/springframework/cloud/netflix/eureka/metadata/DefaultManagementMetadataProviderCustomizer> (0x00000000d7a44268) thrown at [C:\re\workspace\8-2-build-windows-amd64-cygwin\jdk8u171\10807\hotspot\src\share
Event: 10.694 Thread 0x0000000002442800 Exception <a 'java/lang/ClassNotFoundException': org/springframework/cloud/netflix/eureka/metadata/ManagementMetadataProviderCustomizer> (0x00000000d7a946d8) thrown at [C:\re\workspace\8-2-build-windows-amd64-cygwin\jdk8u171\10807\hotspot\src\share\vm\cla
Event: 10.766 Thread 0x000000005ab58000 Exception <a 'java/lang/OutOfMemoryError'> (0x00000000d6117148) thrown at [C:\re\workspace\8-2-build-windows-amd64-cygwin\jdk8u171\10807\hotspot\src\share\vm\prims\unsafe.cpp, line 634]
Event: 10.770 Thread 0x000000005ab58800 Exception <a 'java/lang/OutOfMemoryError'> (0x00000000d63a6a78) thrown at [C:\re\workspace\8-2-build-windows-amd64-cygwin\jdk8u171\10807\hotspot\src\share\vm\prims\unsafe.cpp, line 634]
Event: 10.860 Thread 0x000000005ab5a000 Exception <a 'java/lang/OutOfMemoryError'> (0x00000000d6086ca0) thrown at [C:\re\workspace\8-2-build-windows-amd64-cygwin\jdk8u171\10807\hotspot\src\share\vm\prims\unsafe.cpp, line 634]
Event: 11.093 Thread 0x0000000002442800 Exception <a 'java/lang/ClassNotFoundException': java/lang/ObjectCustomizer> (0x00000000d7b105f0) thrown at [C:\re\workspace\8-2-build-windows-amd64-cygwin\jdk8u171\10807\hotspot\src\share\vm\classfile\systemDictionary.cpp, line 210]
Event: 11.099 Thread 0x0000000002442800 Exception <a 'java/lang/ClassNotFoundException': org/springframework/cloud/netflix/eureka/EurekaInstanceConfigBeanCustomizer> (0x00000000d91cd240) thrown at [C:\re\workspace\8-2-build-windows-amd64-cygwin\jdk8u171\10807\hotspot\src\share\vm\classfile\syst
Event: 11.100 Thread 0x0000000002442800 Exception <a 'java/lang/ClassNotFoundException': org/springframework/cloud/netflix/eureka/CloudEurekaInstanceConfigCustomizer> (0x00000000d9270990) thrown at [C:\re\workspace\8-2-build-windows-amd64-cygwin\jdk8u171\10807\hotspot\src\share\vm\classfile\sys
Event: 11.100 Thread 0x0000000002442800 Exception <a 'java/lang/ClassNotFoundException': org/springframework/context/EnvironmentAwareCustomizer> (0x00000000d92ab3a8) thrown at [C:\re\workspace\8-2-build-windows-amd64-cygwin\jdk8u171\10807\hotspot\src\share\vm\classfile\systemDictionary.cpp, lin

Events (10 events):
Event: 11.127 Thread 0x000000005e6eb000 Thread exited: 0x000000005e6eb000
Event: 11.128 Thread 0x0000000002442800 Uncommon trap: trap_request=0xffffff65 fr.pc=0x0000000003289964
Event: 11.128 Thread 0x0000000002442800 DEOPT PACKING pc=0x0000000003289964 sp=0x00000000028ba780
Event: 11.128 Thread 0x0000000002442800 DEOPT UNPACKING pc=0x000000000290583b sp=0x00000000028ba688 mode 2
Event: 11.130 loading class com/netflix/appinfo/ApplicationInfoManager$InstanceStatusMapper
Event: 11.130 loading class com/netflix/appinfo/ApplicationInfoManager$InstanceStatusMapper done
Event: 11.131 loading class com/netflix/appinfo/ApplicationInfoManager$StatusChangeListener
Event: 11.131 loading class com/netflix/appinfo/ApplicationInfoManager$StatusChangeListener done
Event: 11.135 loading class ch/qos/logback/classic/spi/ThrowableProxy
Event: 11.135 loading class ch/qos/logback/classic/spi/ThrowableProxy done


Dynamic libraries:
0x000000013f250000 - 0x000000013f287000 	C:\Program Files\Java\jdk1.8.0_171\bin\java.exe
0x0000000077010000 - 0x00000000771ba000 	C:\Windows\SYSTEM32\ntdll.dll
0x0000000076ef0000 - 0x000000007700f000 	C:\Windows\system32\kernel32.dll
0x000007fefd0a0000 - 0x000007fefd10b000 	C:\Windows\system32\KERNELBASE.dll
0x000007fefdd20000 - 0x000007fefddfb000 	C:\Windows\system32\ADVAPI32.dll
0x000007fefd530000 - 0x000007fefd5cf000 	C:\Windows\system32\msvcrt.dll
0x000007fefdb00000 - 0x000007fefdb1f000 	C:\Windows\SYSTEM32\sechost.dll
0x000007feff040000 - 0x000007feff16d000 	C:\Windows\system32\RPCRT4.dll
0x0000000076df0000 - 0x0000000076eea000 	C:\Windows\system32\USER32.dll
0x000007fefde00000 - 0x000007fefde67000 	C:\Windows\system32\GDI32.dll
0x000007fefdb20000 - 0x000007fefdb2e000 	C:\Windows\system32\LPK.dll
0x000007fefdc50000 - 0x000007fefdd1a000 	C:\Windows\system32\USP10.dll
0x000007fefb770000 - 0x000007fefb964000 	C:\Windows\WinSxS\amd64_microsoft.windows.common-controls_6595b64144ccf1df_6.0.7601.18837_none_fa3b1e3d17594757\COMCTL32.dll
0x000007fefda80000 - 0x000007fefdaf1000 	C:\Windows\system32\SHLWAPI.dll
0x000007fefd500000 - 0x000007fefd52e000 	C:\Windows\system32\IMM32.DLL
0x000007feff210000 - 0x000007feff319000 	C:\Windows\system32\MSCTF.dll
0x0000000073b60000 - 0x0000000073c32000 	C:\Program Files\Java\jdk1.8.0_171\jre\bin\msvcr100.dll
0x0000000066860000 - 0x0000000067100000 	C:\Program Files\Java\jdk1.8.0_171\jre\bin\server\jvm.dll
0x000007fef83d0000 - 0x000007fef83d9000 	C:\Windows\system32\WSOCK32.dll
0x000007fefd320000 - 0x000007fefd36d000 	C:\Windows\system32\WS2_32.dll
0x000007fefd5d0000 - 0x000007fefd5d8000 	C:\Windows\system32\NSI.dll
0x000007fefb0d0000 - 0x000007fefb10b000 	C:\Windows\system32\WINMM.dll
0x000007fefc070000 - 0x000007fefc07c000 	C:\Windows\system32\VERSION.dll
0x00000000771d0000 - 0x00000000771d7000 	C:\Windows\system32\PSAPI.DLL
0x0000000073e50000 - 0x0000000073e5f000 	C:\Program Files\Java\jdk1.8.0_171\jre\bin\verify.dll
0x0000000073e20000 - 0x0000000073e49000 	C:\Program Files\Java\jdk1.8.0_171\jre\bin\java.dll
0x000000006d680000 - 0x000000006d6a3000 	C:\Program Files\Java\jdk1.8.0_171\jre\bin\instrument.dll
0x0000000073e00000 - 0x0000000073e16000 	C:\Program Files\Java\jdk1.8.0_171\jre\bin\zip.dll
0x000007fefe0d0000 - 0x000007fefee59000 	C:\Windows\system32\SHELL32.dll
0x000007fefd870000 - 0x000007fefda73000 	C:\Windows\system32\ole32.dll
0x000007fefcf10000 - 0x000007fefcf1f000 	C:\Windows\system32\profapi.dll
0x000007fef7f30000 - 0x000007fef7f4a000 	D:\Program Files (x86)\IDEA\bin\breakgen64.dll
0x0000000073b40000 - 0x0000000073b5a000 	C:\Program Files\Java\jdk1.8.0_171\jre\bin\net.dll
0x000007fefc740000 - 0x000007fefc795000 	C:\Windows\system32\mswsock.dll
0x000007fefc730000 - 0x000007fefc737000 	C:\Windows\System32\wship6.dll
0x0000000073b20000 - 0x0000000073b31000 	C:\Program Files\Java\jdk1.8.0_171\jre\bin\nio.dll
0x000007fefae00000 - 0x000007fefae27000 	C:\Windows\system32\IPHLPAPI.DLL
0x000007fefadf0000 - 0x000007fefadfb000 	C:\Windows\system32\WINNSI.DLL
0x000007fefac30000 - 0x000007fefac41000 	C:\Windows\system32\dhcpcsvc6.DLL
0x000007fefac10000 - 0x000007fefac28000 	C:\Windows\system32\dhcpcsvc.DLL
0x000007fefc5c0000 - 0x000007fefc61b000 	C:\Windows\system32\DNSAPI.dll
0x000007fefc140000 - 0x000007fefc147000 	C:\Windows\System32\wshtcpip.dll
0x000007fef8f40000 - 0x000007fef8f48000 	C:\Windows\system32\rasadhlp.dll
0x000007fefac60000 - 0x000007fefacb3000 	C:\Windows\System32\fwpuclnt.dll
0x00000000701f0000 - 0x00000000701fd000 	C:\Program Files\Java\jdk1.8.0_171\jre\bin\management.dll
0x000007fefaf80000 - 0x000007fefaf95000 	C:\Windows\system32\NLAapi.dll
0x000007fef8780000 - 0x000007fef8795000 	C:\Windows\system32\napinsp.dll
0x000007fef8760000 - 0x000007fef8779000 	C:\Windows\system32\pnrpnsp.dll
0x000007fef8750000 - 0x000007fef875b000 	C:\Windows\System32\winrnr.dll
0x000007fef8740000 - 0x000007fef8750000 	C:\Windows\system32\wshbth.dll
0x000007fefc7a0000 - 0x000007fefc7b8000 	C:\Windows\system32\CRYPTSP.dll
0x000007fefc4a0000 - 0x000007fefc4e7000 	C:\Windows\system32\rsaenh.dll
0x000007fefc260000 - 0x000007fefc27e000 	C:\Windows\system32\USERENV.dll
0x000007fefce40000 - 0x000007fefce4f000 	C:\Windows\system32\CRYPTBASE.dll

VM Arguments:
jvm_args: -ea -Didea.test.cyclic.buffer.size=1048576 -javaagent:D:\Program Files (x86)\IDEA\lib\idea_rt.jar=53836:D:\Program Files (x86)\IDEA\bin -Dfile.encoding=UTF-8 
java_command: com.intellij.rt.execution.junit.JUnitStarter -ideVersion5 -junit4 com.leyou.service.SearchServcieTest,testQueryParams
java_class_path (initial): D:\Program Files (x86)\IDEA\lib\idea_rt.jar;D:\Program Files (x86)\IDEA\plugins\junit\lib\junit-rt.jar;D:\Program Files (x86)\IDEA\plugins\junit\lib\junit5-rt.jar;C:\Program Files\Java\jdk1.8.0_171\jre\lib\charsets.jar;C:\Program Files\Java\jdk1.8.0_171\jre\lib\deploy.jar;C:\Program Files\Java\jdk1.8.0_171\jre\lib\ext\access-bridge-64.jar;C:\Program Files\Java\jdk1.8.0_171\jre\lib\ext\cldrdata.jar;C:\Program Files\Java\jdk1.8.0_171\jre\lib\ext\dnsns.jar;C:\Program Files\Java\jdk1.8.0_171\jre\lib\ext\jaccess.jar;C:\Program Files\Java\jdk1.8.0_171\jre\lib\ext\jfxrt.jar;C:\Program Files\Java\jdk1.8.0_171\jre\lib\ext\localedata.jar;C:\Program Files\Java\jdk1.8.0_171\jre\lib\ext\nashorn.jar;C:\Program Files\Java\jdk1.8.0_171\jre\lib\ext\sunec.jar;C:\Program Files\Java\jdk1.8.0_171\jre\lib\ext\sunjce_provider.jar;C:\Program Files\Java\jdk1.8.0_171\jre\lib\ext\sunmscapi.jar;C:\Program Files\Java\jdk1.8.0_171\jre\lib\ext\sunpkcs11.jar;C:\Program Files\Java\jdk1.8.0_171\jre\lib\ext\zipfs.jar;C:\Program Files\Java\jdk1.8.0_171\jre\lib\javaws.jar;C:\Program Files\Java\jdk1.8.0_171\jre\lib\jce.jar;C:\Program Files\Java\jdk1.8.0_171\jre\lib\jfr.jar;C:\Program Files\Java\jdk1.8.0_171\jre\lib\jfxswt.jar;C:\Program Files\Java\jdk1.8.0_171\jre\lib\jsse.jar;C:\Program Files\Java\jdk1.8.0_171\jre\lib\management-agent.jar;C:\Program Files\Java\jdk1.8.0_171\jre\lib\plugin.jar;C:\Program Files\Java\jdk1.8.0_171\jre\lib\resources.jar;C:\Program Files\Java\jdk1.8.0_171\jre\lib\rt.jar;D:\wokerspace\petMicroserviceParent\leyou-search\target\test-classes;D:\wokerspace\petMicroserviceParent\leyou-search\target\classes;D:\m2\repository\org\springframework\boot\spring-boot-starter-web\2.0.3.RELEASE\spring-boot-starter-web-2.0.3.RELEASE.jar;D:\m2\repository\org\springframework\boot\spring-boot-starter\2.0.3.RELEASE\spring-boot-starter-2.0.3.RELEASE.jar;D:\m2\repository\org\springframework\boot\spring-boot\2.0.3.RELEASE\spring-boot-2.0.3.RELEASE.jar;D:\m2\repository\or
Launcher Type: SUN_STANDARD

Environment Variables:
JAVA_HOME=C:\Program Files\Java\jdk1.8.0_171
CLASSPATH=.;C:\Program Files\Java\jdk1.8.0_171\lib\dt.jar;C:\Program Files\Java\jdk1.8.0_171\lib\tools.jar;
PATH=C:\Program Files (x86)\Common Files\Oracle\Java\javapath;C:\Windows\system32;C:\Windows;C:\Windows\System32\Wbem;C:\Windows\System32\WindowsPowerShell\v1.0\;C:\Program Files\Java\jdk1.8.0_171\bin;C:\Program Files\Java\jdk1.8.0_171\jre\bin;D:\Program Files (x86)\apache-maven-3.5.3-bin\apache-maven-3.5.3\bin;D:\Program Files\nodejs\;C:\Users\Administrator\AppData\Roaming\npm;D:\Program Files\nodejs
USERNAME=Administrator
OS=Windows_NT
PROCESSOR_IDENTIFIER=Intel64 Family 6 Model 158 Stepping 9, GenuineIntel



---------------  S Y S T E M  ---------------

OS: Windows 7 , 64 bit Build 7601 (6.1.7601.19135)

CPU:total 4 (initial active 4) (4 cores per cpu, 1 threads per core) family 6 model 158 stepping 9, cmov, cx8, fxsr, mmx, sse, sse2, sse3, ssse3, sse4.1, sse4.2, popcnt, avx, avx2, aes, clmul, erms, 3dnowpref, lzcnt, tsc, tscinvbit, bmi1, bmi2, adx

Memory: 4k page, physical 8304712k(89644k free), swap 10400028k(5364k free)

vm_info: Java HotSpot(TM) 64-Bit Server VM (25.171-b11) for windows-amd64 JRE (1.8.0_171-b11), built on Mar 28 2018 16:06:12 by "java_re" with MS VC++ 10.0 (VS2010)

time: Fri Mar 22 13:49:16 2019
elapsed time: 11 seconds (0d 0h 0m 11s)

